<?xml version="1.0" encoding="UTF-8"?>
<!-- Generated by org.testng.reporters.JUnitReportReporter -->
<testsuite hostname="PRATIKSHA-07" failures="1" tests="4" name="listeners_testNg.MyClass2" time="0.004" errors="0" timestamp="2024-01-03T23:29:46 IST" skipped="1">
  <testcase classname="listeners_testNg.MyClass2" name="tc_12" time="0.002">
    <system-out>
      <![CDATA[Tc tc_12 execucation is started
tc 12 is running
Tc tc_12 is running SuccessFully]]>
    </system-out>
  </testcase> <!-- tc_12 -->
  <testcase classname="listeners_testNg.MyClass2" name="tc_9" time="0.000">
    <system-out>
      <![CDATA[Tc tc_9 execucation is started
tc 9 is running
Tc tc_9 is running SuccessFully]]>
    </system-out>
  </testcase> <!-- tc_9 -->
  <testcase classname="listeners_testNg.MyClass2" name="tc_10" time="0.000">
    <skipped/>
    <system-out>
      <![CDATA[Tc tc_10  is skipped,plz check dependant method]]>
    </system-out>
  </testcase> <!-- tc_10 -->
  <testcase classname="listeners_testNg.MyClass2" name="tc_11" time="0.002">
    <failure message="null" type="java.lang.AssertionError">
      <![CDATA[java.lang.AssertionError: null
at org.testng.Assert.fail(Assert.java:111)
at org.testng.Assert.fail(Assert.java:116)
at listeners_testNg.MyClass2.tc_11(MyClass2.java:22)
at java.base/jdk.internal.reflect.NativeMethodAccessorImpl.invoke0(Native Method)
at java.base/jdk.internal.reflect.NativeMethodAccessorImpl.invoke(NativeMethodAccessorImpl.java:77)
at java.base/jdk.internal.reflect.DelegatingMethodAccessorImpl.invoke(DelegatingMethodAccessorImpl.java:43)
at java.base/java.lang.reflect.Method.invoke(Method.java:568)
at org.testng.internal.invokers.MethodInvocationHelper.invokeMethod(MethodInvocationHelper.java:139)
at org.testng.internal.invokers.TestInvoker.invokeMethod(TestInvoker.java:664)
at org.testng.internal.invokers.TestInvoker.invokeTestMethod(TestInvoker.java:227)
at org.testng.internal.invokers.MethodRunner.runInSequence(MethodRunner.java:50)
at org.testng.internal.invokers.TestInvoker$MethodInvocationAgent.invoke(TestInvoker.java:957)
at org.testng.internal.invokers.TestInvoker.invokeTestMethods(TestInvoker.java:200)
at org.testng.internal.invokers.TestMethodWorker.invokeTestMethods(TestMethodWorker.java:148)
at org.testng.internal.invokers.TestMethodWorker.run(TestMethodWorker.java:128)
at java.base/java.util.ArrayList.forEach(ArrayList.java:1511)
at org.testng.TestRunner.privateRun(TestRunner.java:848)
at org.testng.TestRunner.run(TestRunner.java:621)
at org.testng.SuiteRunner.runTest(SuiteRunner.java:443)
at org.testng.SuiteRunner.runSequentially(SuiteRunner.java:437)
at org.testng.SuiteRunner.privateRun(SuiteRunner.java:397)
at org.testng.SuiteRunner.run(SuiteRunner.java:336)
at org.testng.SuiteRunnerWorker.runSuite(SuiteRunnerWorker.java:52)
at org.testng.SuiteRunnerWorker.run(SuiteRunnerWorker.java:95)
at org.testng.TestNG.runSuitesSequentially(TestNG.java:1280)
at org.testng.TestNG.runSuitesLocally(TestNG.java:1200)
at org.testng.TestNG.runSuites(TestNG.java:1114)
at org.testng.TestNG.run(TestNG.java:1082)
at org.testng.remote.AbstractRemoteTestNG.run(AbstractRemoteTestNG.java:115)
at org.testng.remote.RemoteTestNG.initAndRun(RemoteTestNG.java:251)
at org.testng.remote.RemoteTestNG.main(RemoteTestNG.java:77)
]]>
    </failure>
    <system-out>
      <![CDATA[Tc tc_11 execucation is started
Tc tc_11 is failed,plz check again ]]>
    </system-out>
  </testcase> <!-- tc_11 -->
  <system-out>
    <![CDATA[Tc tc_7 execucation is started
Tc tc_7 is failed,plz check again 
Tc tc_8 execucation is started
tc 8 is running
Tc tc_8 is running SuccessFully
Tc tc_6 execucation is started
tc 6 is running
Tc tc_6 is running SuccessFully
Tc tc_5 execucation is started
Tc tc_5  is skipped,plz check dependant method
Tc tc_11 execucation is started
Tc tc_11 is failed,plz check again 
Tc tc_12 execucation is started
tc 12 is running
Tc tc_12 is running SuccessFully
Tc tc_9 execucation is started
tc 9 is running
Tc tc_9 is running SuccessFully
Tc tc_10 execucation is started
Tc tc_10  is skipped,plz check dependant method]]>
  </system-out>
</testsuite> <!-- listeners_testNg.MyClass2 -->
